02-Dec-2024 22:22:52.840 정보 [main] org.apache.catalina.startup.VersionLoggerListener.log 서버 버전 이름:    Apache Tomcat/9.0.97
02-Dec-2024 22:22:52.842 정보 [main] org.apache.catalina.startup.VersionLoggerListener.log Server 빌드 시각:  Nov 6 2024 19:55:19 UTC
02-Dec-2024 22:22:52.843 정보 [main] org.apache.catalina.startup.VersionLoggerListener.log Server 버전 번호:  9.0.97.0
02-Dec-2024 22:22:52.843 정보 [main] org.apache.catalina.startup.VersionLoggerListener.log 운영체제 이름:     Mac OS X
02-Dec-2024 22:22:52.843 정보 [main] org.apache.catalina.startup.VersionLoggerListener.log 운영체제 버전:     14.6.1
02-Dec-2024 22:22:52.843 정보 [main] org.apache.catalina.startup.VersionLoggerListener.log 아키텍처:          aarch64
02-Dec-2024 22:22:52.843 정보 [main] org.apache.catalina.startup.VersionLoggerListener.log 자바 홈:           /Users/taeyeong/Library/Java/JavaVirtualMachines/corretto-11.0.25/Contents/Home
02-Dec-2024 22:22:52.843 정보 [main] org.apache.catalina.startup.VersionLoggerListener.log JVM 버전:          11.0.25+9-LTS
02-Dec-2024 22:22:52.843 정보 [main] org.apache.catalina.startup.VersionLoggerListener.log JVM 벤더:          Amazon.com Inc.
02-Dec-2024 22:22:52.843 정보 [main] org.apache.catalina.startup.VersionLoggerListener.log CATALINA_BASE:     /Users/taeyeong/Desktop/eclipse-workplace/apache-tomcat-9.0.97
02-Dec-2024 22:22:52.843 정보 [main] org.apache.catalina.startup.VersionLoggerListener.log CATALINA_HOME:     /Users/taeyeong/Desktop/eclipse-workplace/apache-tomcat-9.0.97
02-Dec-2024 22:22:52.852 정보 [main] org.apache.catalina.startup.VersionLoggerListener.log 명령 행 아규먼트:  --add-opens=java.base/java.lang=ALL-UNNAMED
02-Dec-2024 22:22:52.852 정보 [main] org.apache.catalina.startup.VersionLoggerListener.log 명령 행 아규먼트:  --add-opens=java.base/java.io=ALL-UNNAMED
02-Dec-2024 22:22:52.852 정보 [main] org.apache.catalina.startup.VersionLoggerListener.log 명령 행 아규먼트:  --add-opens=java.base/java.util=ALL-UNNAMED
02-Dec-2024 22:22:52.853 정보 [main] org.apache.catalina.startup.VersionLoggerListener.log 명령 행 아규먼트:  --add-opens=java.base/java.util.concurrent=ALL-UNNAMED
02-Dec-2024 22:22:52.853 정보 [main] org.apache.catalina.startup.VersionLoggerListener.log 명령 행 아규먼트:  --add-opens=java.rmi/sun.rmi.transport=ALL-UNNAMED
02-Dec-2024 22:22:52.853 정보 [main] org.apache.catalina.startup.VersionLoggerListener.log 명령 행 아규먼트:  -Djava.util.logging.config.file=/Users/taeyeong/Desktop/eclipse-workplace/apache-tomcat-9.0.97/conf/logging.properties
02-Dec-2024 22:22:52.853 정보 [main] org.apache.catalina.startup.VersionLoggerListener.log 명령 행 아규먼트:  -Djava.util.logging.manager=org.apache.juli.ClassLoaderLogManager
02-Dec-2024 22:22:52.853 정보 [main] org.apache.catalina.startup.VersionLoggerListener.log 명령 행 아규먼트:  -Djdk.tls.ephemeralDHKeySize=2048
02-Dec-2024 22:22:52.853 정보 [main] org.apache.catalina.startup.VersionLoggerListener.log 명령 행 아규먼트:  -Djava.protocol.handler.pkgs=org.apache.catalina.webresources
02-Dec-2024 22:22:52.853 정보 [main] org.apache.catalina.startup.VersionLoggerListener.log 명령 행 아규먼트:  -Dorg.apache.catalina.security.SecurityListener.UMASK=0027
02-Dec-2024 22:22:52.853 정보 [main] org.apache.catalina.startup.VersionLoggerListener.log 명령 행 아규먼트:  -Dignore.endorsed.dirs=
02-Dec-2024 22:22:52.853 정보 [main] org.apache.catalina.startup.VersionLoggerListener.log 명령 행 아규먼트:  -Dcatalina.base=/Users/taeyeong/Desktop/eclipse-workplace/apache-tomcat-9.0.97
02-Dec-2024 22:22:52.853 정보 [main] org.apache.catalina.startup.VersionLoggerListener.log 명령 행 아규먼트:  -Dcatalina.home=/Users/taeyeong/Desktop/eclipse-workplace/apache-tomcat-9.0.97
02-Dec-2024 22:22:52.853 정보 [main] org.apache.catalina.startup.VersionLoggerListener.log 명령 행 아규먼트:  -Djava.io.tmpdir=/Users/taeyeong/Desktop/eclipse-workplace/apache-tomcat-9.0.97/temp
02-Dec-2024 22:22:52.860 정보 [main] org.apache.catalina.core.AprLifecycleListener.lifecycleEvent 프로덕션 환경들에서 최적의 성능을 제공하는, APR 기반 Apache Tomcat Native 라이브러리가, 다음 java.library.path에서 발견되지 않습니다: [/Users/taeyeong/Library/Java/Extensions:/Library/Java/Extensions:/Network/Library/Java/Extensions:/System/Library/Java/Extensions:/usr/lib/java:.]
02-Dec-2024 22:22:53.013 정보 [main] org.apache.coyote.AbstractProtocol.init 프로토콜 핸들러 ["http-nio-8080"]을(를) 초기화합니다.
02-Dec-2024 22:22:53.030 정보 [main] org.apache.catalina.startup.Catalina.load [306] 밀리초 내에 서버가 초기화되었습니다.
02-Dec-2024 22:22:53.057 정보 [main] org.apache.catalina.core.StandardService.startInternal 서비스 [Catalina]을(를) 시작합니다.
02-Dec-2024 22:22:53.057 정보 [main] org.apache.catalina.core.StandardEngine.startInternal 서버 엔진을 시작합니다: [Apache Tomcat/9.0.97]
02-Dec-2024 22:22:53.061 정보 [main] org.apache.catalina.startup.HostConfig.deployDirectory 웹 애플리케이션 디렉토리 [/Users/taeyeong/Desktop/eclipse-workplace/apache-tomcat-9.0.97/webapps/docs]을(를) 배치합니다.
02-Dec-2024 22:22:53.209 정보 [main] org.apache.catalina.startup.HostConfig.deployDirectory 웹 애플리케이션 디렉토리 [/Users/taeyeong/Desktop/eclipse-workplace/apache-tomcat-9.0.97/webapps/docs]에 대한 배치가 [147] 밀리초에 완료되었습니다.
02-Dec-2024 22:22:53.210 정보 [main] org.apache.catalina.startup.HostConfig.deployDirectory 웹 애플리케이션 디렉토리 [/Users/taeyeong/Desktop/eclipse-workplace/apache-tomcat-9.0.97/webapps/manager]을(를) 배치합니다.
02-Dec-2024 22:22:53.226 정보 [main] org.apache.catalina.startup.HostConfig.deployDirectory 웹 애플리케이션 디렉토리 [/Users/taeyeong/Desktop/eclipse-workplace/apache-tomcat-9.0.97/webapps/manager]에 대한 배치가 [16] 밀리초에 완료되었습니다.
02-Dec-2024 22:22:53.226 정보 [main] org.apache.catalina.startup.HostConfig.deployDirectory 웹 애플리케이션 디렉토리 [/Users/taeyeong/Desktop/eclipse-workplace/apache-tomcat-9.0.97/webapps/examples]을(를) 배치합니다.
02-Dec-2024 22:22:53.325 정보 [main] org.apache.catalina.startup.HostConfig.deployDirectory 웹 애플리케이션 디렉토리 [/Users/taeyeong/Desktop/eclipse-workplace/apache-tomcat-9.0.97/webapps/examples]에 대한 배치가 [99] 밀리초에 완료되었습니다.
02-Dec-2024 22:22:53.325 정보 [main] org.apache.catalina.startup.HostConfig.deployDirectory 웹 애플리케이션 디렉토리 [/Users/taeyeong/Desktop/eclipse-workplace/apache-tomcat-9.0.97/webapps/ROOT]을(를) 배치합니다.
02-Dec-2024 22:22:53.332 정보 [main] org.apache.catalina.startup.HostConfig.deployDirectory 웹 애플리케이션 디렉토리 [/Users/taeyeong/Desktop/eclipse-workplace/apache-tomcat-9.0.97/webapps/ROOT]에 대한 배치가 [7] 밀리초에 완료되었습니다.
02-Dec-2024 22:22:53.332 정보 [main] org.apache.catalina.startup.HostConfig.deployDirectory 웹 애플리케이션 디렉토리 [/Users/taeyeong/Desktop/eclipse-workplace/apache-tomcat-9.0.97/webapps/host-manager]을(를) 배치합니다.
02-Dec-2024 22:22:53.340 정보 [main] org.apache.catalina.startup.HostConfig.deployDirectory 웹 애플리케이션 디렉토리 [/Users/taeyeong/Desktop/eclipse-workplace/apache-tomcat-9.0.97/webapps/host-manager]에 대한 배치가 [8] 밀리초에 완료되었습니다.
02-Dec-2024 22:22:53.343 정보 [main] org.apache.coyote.AbstractProtocol.start 프로토콜 핸들러 ["http-nio-8080"]을(를) 시작합니다.
02-Dec-2024 22:22:53.349 정보 [main] org.apache.catalina.startup.Catalina.start 서버가 [318] 밀리초 내에 시작되었습니다.
02-Dec-2024 22:26:00.565 정보 [main] org.apache.catalina.core.StandardServer.await 셧다운 포트를 통해 유효한 셧다운 명령을 받았습니다. 서버 인스턴스를 중지시킵니다.
02-Dec-2024 22:26:00.566 정보 [main] org.apache.coyote.AbstractProtocol.pause 프로토콜 핸들러 ["http-nio-8080"]을(를) 일시 정지 중
02-Dec-2024 22:26:00.568 정보 [main] org.apache.catalina.core.StandardService.stopInternal 서비스 [Catalina]을(를) 중지시킵니다.
02-Dec-2024 22:26:00.580 정보 [main] org.apache.coyote.AbstractProtocol.stop 프로토콜 핸들러 ["http-nio-8080"]을(를) 중지시킵니다.
02-Dec-2024 22:26:00.594 정보 [main] org.apache.coyote.AbstractProtocol.destroy 프로토콜 핸들러 ["http-nio-8080"]을(를) 소멸시킵니다.
